---------------------------------------------------------------
[2021-03-19T15:14:56+08:00] 127.0.0.1 POST localhost:7025/Login/login
[运行时间：0.761811s] [吞吐率：1.31req/s] [内存消耗：1,117.10kb] [文件加载：69]
[ info ] [ LANG ] /Source/70384jyxt/thinkphp/lang/zh-cn.php
[ info ] [ ROUTE ] array (
  'rule' => 'Login/login',
  'route' => 'admin/login/login',
  'option' => 
  array (
    'merge_rule_regex' => false,
    'method' => 'post',
  ),
  'var' => 
  array (
  ),
)
[ info ] [ HEADER ] array (
  'accept-language' => 'zh-CN,zh;q=0.9,en;q=0.8',
  'accept-encoding' => 'gzip, deflate, br',
  'referer' => 'http://123.57.6.75/',
  'sec-fetch-dest' => 'empty',
  'sec-fetch-mode' => 'cors',
  'sec-fetch-site' => 'cross-site',
  'origin' => 'http://123.57.6.75',
  'content-type' => 'application/x-www-form-urlencoded',
  'user-agent' => 'Mozilla/5.0 (Macintosh; Intel Mac OS X 10_14_4) AppleWebKit/537.36 (KHTML, like Gecko) Chrome/89.0.4389.90 Safari/537.36',
  'sec-ch-ua-mobile' => '?0',
  'accept' => 'application/json, text/plain, */*',
  'sec-ch-ua' => '"Google Chrome";v="89", "Chromium";v="89", ";Not A Brand";v="99"',
  'content-length' => '47',
  'connection' => 'keep-alive',
  'host' => 'localhost:7025',
)
[ info ] [ PARAM ] array (
  'path' => '/login',
  'username' => 'admin001',
  'password' => '123456',
)
[ info ] [ DB ] INIT mysql
[ sql ] [ DB ] CONNECT:[ UseTime:0.347340s ] mysql:host=127.0.0.1;dbname=jyxt;charset=utf8
[ sql ] [ SQL ] SHOW COLUMNS FROM `jyxt_admin` [ RunTime:0.172700s ]
[ sql ] [ SQL ] SELECT `id`,`nickname`,`auth`,`status` FROM `jyxt_admin` WHERE  `username` = 'admin001'  AND `password` = 'e10adc3949ba59abbe56e057f20f883e' LIMIT 1 [ RunTime:0.029174s ]
---------------------------------------------------------------
[2021-03-19T15:15:11+08:00] 127.0.0.1 POST localhost:7025/Login/login
[运行时间：0.040221s] [吞吐率：24.86req/s] [内存消耗：880.91kb] [文件加载：69]
[ info ] [ LANG ] /Source/70384jyxt/thinkphp/lang/zh-cn.php
[ info ] [ ROUTE ] array (
  'rule' => 'Login/login',
  'route' => 'admin/login/login',
  'option' => 
  array (
    'merge_rule_regex' => false,
    'method' => 'post',
  ),
  'var' => 
  array (
  ),
)
[ info ] [ HEADER ] array (
  'accept-language' => 'zh-CN,zh;q=0.9,en;q=0.8',
  'accept-encoding' => 'gzip, deflate, br',
  'referer' => 'http://123.57.6.75/',
  'sec-fetch-dest' => 'empty',
  'sec-fetch-mode' => 'cors',
  'sec-fetch-site' => 'cross-site',
  'origin' => 'http://123.57.6.75',
  'content-type' => 'application/x-www-form-urlencoded',
  'user-agent' => 'Mozilla/5.0 (Macintosh; Intel Mac OS X 10_14_4) AppleWebKit/537.36 (KHTML, like Gecko) Chrome/89.0.4389.90 Safari/537.36',
  'sec-ch-ua-mobile' => '?0',
  'accept' => 'application/json, text/plain, */*',
  'sec-ch-ua' => '"Google Chrome";v="89", "Chromium";v="89", ";Not A Brand";v="99"',
  'content-length' => '45',
  'connection' => 'keep-alive',
  'host' => 'localhost:7025',
)
[ info ] [ PARAM ] array (
  'path' => '/login',
  'username' => 'admin2',
  'password' => '123456',
)
[ info ] [ DB ] INIT mysql
[ info ] [ DB ] INIT mysql
[ sql ] [ DB ] CONNECT:[ UseTime:0.001087s ] mysql:host=127.0.0.1;dbname=jyxt;charset=utf8
[ sql ] [ SQL ] SHOW COLUMNS FROM `jyxt_admin` [ RunTime:0.011035s ]
[ sql ] [ SQL ] SELECT `id`,`nickname`,`auth`,`status` FROM `jyxt_admin` WHERE  `username` = 'admin2'  AND `password` = 'e10adc3949ba59abbe56e057f20f883e' LIMIT 1 [ RunTime:0.001196s ]
[ sql ] [ DB ] CONNECT:[ UseTime:0.000935s ] mysql:host=127.0.0.1;dbname=jyxt;charset=utf8
[ sql ] [ SQL ] UPDATE `jyxt_admin`  SET `token` = '14a5013b104a88ba7cc4c99ac9f333b08881b76c'  WHERE  `id` = 2 [ RunTime:0.014914s ]
---------------------------------------------------------------
[2021-03-19T15:15:11+08:00] 127.0.0.1 GET localhost:7025/User/getCurrency?token=14a5013b104a88ba7cc4c99ac9f333b08881b76c&path=%2Fdashboard&type=2
[运行时间：0.066959s] [吞吐率：14.93req/s] [内存消耗：988.05kb] [文件加载：68]
[ info ] [ LANG ] /Source/70384jyxt/thinkphp/lang/zh-cn.php
[ info ] [ ROUTE ] array (
  'rule' => 'User/getCurrency',
  'route' => 'admin/user/getCurrency',
  'option' => 
  array (
    'merge_rule_regex' => false,
    'method' => 'get',
  ),
  'var' => 
  array (
  ),
)
[ info ] [ HEADER ] array (
  'accept-language' => 'zh-CN,zh;q=0.9,en;q=0.8',
  'accept-encoding' => 'gzip, deflate, br',
  'referer' => 'http://123.57.6.75/',
  'sec-fetch-dest' => 'empty',
  'sec-fetch-mode' => 'cors',
  'sec-fetch-site' => 'cross-site',
  'origin' => 'http://123.57.6.75',
  'user-agent' => 'Mozilla/5.0 (Macintosh; Intel Mac OS X 10_14_4) AppleWebKit/537.36 (KHTML, like Gecko) Chrome/89.0.4389.90 Safari/537.36',
  'sec-ch-ua-mobile' => '?0',
  'accept' => 'application/json, text/plain, */*',
  'sec-ch-ua' => '"Google Chrome";v="89", "Chromium";v="89", ";Not A Brand";v="99"',
  'connection' => 'keep-alive',
  'host' => 'localhost:7025',
  'content-type' => '',
  'content-length' => '',
)
[ info ] [ PARAM ] array (
  'token' => '14a5013b104a88ba7cc4c99ac9f333b08881b76c',
  'path' => '/dashboard',
  'type' => '2',
)
[ info ] [ DB ] INIT mysql
[ info ] [ DB ] INIT mysql
[ info ] [ DB ] INIT mysql
[ sql ] [ DB ] CONNECT:[ UseTime:0.000754s ] mysql:host=127.0.0.1;dbname=jyxt;charset=utf8
[ sql ] [ SQL ] SHOW COLUMNS FROM `jyxt_admin` [ RunTime:0.003129s ]
[ sql ] [ SQL ] SELECT `id` FROM `jyxt_admin` WHERE  `token` = '14a5013b104a88ba7cc4c99ac9f333b08881b76c'  AND `status` = 1 LIMIT 1 [ RunTime:0.001077s ]
[ sql ] [ DB ] CONNECT:[ UseTime:0.001148s ] mysql:host=127.0.0.1;dbname=jyxt;charset=utf8
[ sql ] [ SQL ] SELECT `auth`,`id` FROM `jyxt_admin` WHERE  `token` = '14a5013b104a88ba7cc4c99ac9f333b08881b76c' LIMIT 1 [ RunTime:0.004417s ]
[ sql ] [ DB ] CONNECT:[ UseTime:0.001872s ] mysql:host=127.0.0.1;dbname=jyxt;charset=utf8
[ sql ] [ SQL ] SHOW COLUMNS FROM `jyxt_currency` [ RunTime:0.008741s ]
[ sql ] [ SQL ] SELECT * FROM `jyxt_currency` WHERE  `type` = '2' [ RunTime:0.014704s ]
---------------------------------------------------------------
[2021-03-19T15:15:11+08:00] 127.0.0.1 GET localhost:7025/agent/home?token=14a5013b104a88ba7cc4c99ac9f333b08881b76c&path=%2Fdashboard
[运行时间：0.143917s] [吞吐率：6.95req/s] [内存消耗：1,194.69kb] [文件加载：69]
[ info ] [ LANG ] /Source/70384jyxt/thinkphp/lang/zh-cn.php
[ info ] [ ROUTE ] array (
  'rule' => 'agent/home',
  'route' => 'admin/agent/home',
  'option' => 
  array (
    'merge_rule_regex' => false,
    'method' => 'get',
  ),
  'var' => 
  array (
  ),
)
[ info ] [ HEADER ] array (
  'accept-language' => 'zh-CN,zh;q=0.9,en;q=0.8',
  'accept-encoding' => 'gzip, deflate, br',
  'referer' => 'http://123.57.6.75/',
  'sec-fetch-dest' => 'empty',
  'sec-fetch-mode' => 'cors',
  'sec-fetch-site' => 'cross-site',
  'origin' => 'http://123.57.6.75',
  'user-agent' => 'Mozilla/5.0 (Macintosh; Intel Mac OS X 10_14_4) AppleWebKit/537.36 (KHTML, like Gecko) Chrome/89.0.4389.90 Safari/537.36',
  'sec-ch-ua-mobile' => '?0',
  'accept' => 'application/json, text/plain, */*',
  'sec-ch-ua' => '"Google Chrome";v="89", "Chromium";v="89", ";Not A Brand";v="99"',
  'connection' => 'keep-alive',
  'host' => 'localhost:7025',
  'content-type' => '',
  'content-length' => '',
)
[ info ] [ PARAM ] array (
  'token' => '14a5013b104a88ba7cc4c99ac9f333b08881b76c',
  'path' => '/dashboard',
)
[ info ] [ DB ] INIT mysql
[ info ] [ DB ] INIT mysql
[ info ] [ DB ] INIT mysql
[ info ] [ DB ] INIT mysql
[ info ] [ DB ] INIT mysql
[ sql ] [ DB ] CONNECT:[ UseTime:0.001210s ] mysql:host=127.0.0.1;dbname=jyxt;charset=utf8
[ sql ] [ SQL ] SHOW COLUMNS FROM `jyxt_admin` [ RunTime:0.004292s ]
[ sql ] [ SQL ] SELECT `id` FROM `jyxt_admin` WHERE  `token` = '14a5013b104a88ba7cc4c99ac9f333b08881b76c'  AND `status` = 1 LIMIT 1 [ RunTime:0.001010s ]
[ sql ] [ DB ] CONNECT:[ UseTime:0.001179s ] mysql:host=127.0.0.1;dbname=jyxt;charset=utf8
[ sql ] [ SQL ] SELECT `auth`,`id` FROM `jyxt_admin` WHERE  `token` = '14a5013b104a88ba7cc4c99ac9f333b08881b76c' LIMIT 1 [ RunTime:0.000867s ]
[ sql ] [ DB ] CONNECT:[ UseTime:0.001122s ] mysql:host=127.0.0.1;dbname=jyxt;charset=utf8
[ sql ] [ SQL ] SELECT `auth`,`id` FROM `jyxt_admin` WHERE  `token` = '14a5013b104a88ba7cc4c99ac9f333b08881b76c' LIMIT 1 [ RunTime:0.004195s ]
[ sql ] [ DB ] CONNECT:[ UseTime:0.001746s ] mysql:host=127.0.0.1;dbname=jyxt;charset=utf8
[ sql ] [ SQL ] SHOW COLUMNS FROM `jyxt_user` [ RunTime:0.018744s ]
[ sql ] [ SQL ] SELECT COUNT(*) AS tp_count FROM `jyxt_user` [ RunTime:0.034724s ]
[ sql ] [ SQL ] SELECT COUNT(*) AS tp_count FROM `jyxt_user` WHERE  `time_stamp` = '1616051711' [ RunTime:0.001423s ]
[ sql ] [ SQL ] SELECT COUNT(*) AS tp_count FROM `jyxt_user` WHERE  `time_stamp` = '1616051711'  AND `time_stamp` = '1616083200' [ RunTime:0.000754s ]
[ sql ] [ SQL ] SELECT COUNT(*) AS tp_count FROM `jyxt_user` WHERE  `time_stamp` = '1616051711'  AND `time_stamp` = '1616083200'  AND `time_stamp` = '1616083200'  AND `id_card` IN ('id','<>','') [ RunTime:0.002983s ]
[ sql ] [ SQL ] SELECT COUNT(*) AS tp_count FROM `jyxt_user` WHERE  `time_stamp` = '1616051711'  AND `time_stamp` = '1616083200'  AND `time_stamp` = '1616083200'  AND `id_card` IN ('id','<>','')  AND `time_stamp` = '1616051711'  AND `id_card` IN ('id','<>','') [ RunTime:0.003766s ]
[ sql ] [ SQL ] SELECT COUNT(*) AS tp_count FROM `jyxt_user` WHERE  `time_stamp` = '1616051711'  AND `time_stamp` = '1616083200'  AND `time_stamp` = '1616083200'  AND `id_card` IN ('id','<>','')  AND `time_stamp` = '1616051711'  AND `id_card` IN ('id','<>','')  AND `time_stamp` = '1616083200'  AND `id_card` IN ('id','<>','') [ RunTime:0.001169s ]
[ sql ] [ DB ] CONNECT:[ UseTime:0.000892s ] mysql:host=127.0.0.1;dbname=jyxt;charset=utf8
[ sql ] [ SQL ] select a.amount, a.total,a.open_fee,UNIX_TIMESTAMP(a.time) as time
                from jyxt_user_deal_lines_c a
                LEFT JOIN jyxt_user b on b.id = a.user_id
                where 1=1 UNION ALL select 0 as amount,0 as total,a.money as fee,UNIX_TIMESTAMP(a.add_time) as time
                from jyxt_user_wallet_log a
                LEFT JOIN jyxt_user b on b.id = a.user_id
                where type in (12,13) [ RunTime:0.028375s ]
---------------------------------------------------------------
[2021-03-19T17:00:57+08:00] 127.0.0.1 GET localhost:7025/Info/getInfo?token=14a5013b104a88ba7cc4c99ac9f333b08881b76c&path=%2F
[运行时间：0.047008s] [吞吐率：21.27req/s] [内存消耗：910.03kb] [文件加载：68]
[ info ] [ LANG ] /Source/70384jyxt/thinkphp/lang/zh-cn.php
[ info ] [ ROUTE ] array (
  'rule' => 'Info/getInfo',
  'route' => 'admin/info/info',
  'option' => 
  array (
    'merge_rule_regex' => false,
    'method' => 'get',
  ),
  'var' => 
  array (
  ),
)
[ info ] [ HEADER ] array (
  'accept-language' => 'zh-CN,zh;q=0.9,en;q=0.8',
  'accept-encoding' => 'gzip, deflate, br',
  'referer' => 'http://123.57.6.75/',
  'sec-fetch-dest' => 'empty',
  'sec-fetch-mode' => 'cors',
  'sec-fetch-site' => 'cross-site',
  'origin' => 'http://123.57.6.75',
  'user-agent' => 'Mozilla/5.0 (Macintosh; Intel Mac OS X 10_14_4) AppleWebKit/537.36 (KHTML, like Gecko) Chrome/89.0.4389.90 Safari/537.36',
  'sec-ch-ua-mobile' => '?0',
  'accept' => 'application/json, text/plain, */*',
  'sec-ch-ua' => '"Google Chrome";v="89", "Chromium";v="89", ";Not A Brand";v="99"',
  'connection' => 'keep-alive',
  'host' => 'localhost:7025',
  'content-type' => '',
  'content-length' => '',
)
[ info ] [ PARAM ] array (
  'token' => '14a5013b104a88ba7cc4c99ac9f333b08881b76c',
  'path' => '/',
)
[ info ] [ DB ] INIT mysql
[ info ] [ DB ] INIT mysql
[ info ] [ DB ] INIT mysql
[ sql ] [ DB ] CONNECT:[ UseTime:0.000925s ] mysql:host=127.0.0.1;dbname=jyxt;charset=utf8
[ sql ] [ SQL ] SHOW COLUMNS FROM `jyxt_admin` [ RunTime:0.003070s ]
[ sql ] [ SQL ] SELECT `id` FROM `jyxt_admin` WHERE  `token` = '14a5013b104a88ba7cc4c99ac9f333b08881b76c'  AND `status` = 1 LIMIT 1 [ RunTime:0.003406s ]
[ sql ] [ DB ] CONNECT:[ UseTime:0.004985s ] mysql:host=127.0.0.1;dbname=jyxt;charset=utf8
[ sql ] [ SQL ] SELECT `auth`,`id` FROM `jyxt_admin` WHERE  `token` = '14a5013b104a88ba7cc4c99ac9f333b08881b76c' LIMIT 1 [ RunTime:0.001002s ]
[ sql ] [ DB ] CONNECT:[ UseTime:0.000933s ] mysql:host=127.0.0.1;dbname=jyxt;charset=utf8
[ sql ] [ SQL ] SELECT `nickname`,`username` FROM `jyxt_admin` WHERE  `token` = '14a5013b104a88ba7cc4c99ac9f333b08881b76c' LIMIT 1 [ RunTime:0.001081s ]
---------------------------------------------------------------
[2021-03-19T17:00:58+08:00] 127.0.0.1 GET localhost:7025/User/getCurrency?token=14a5013b104a88ba7cc4c99ac9f333b08881b76c&path=%2Fdashboard&type=2
[运行时间：0.094992s] [吞吐率：10.53req/s] [内存消耗：922.97kb] [文件加载：68]
[ info ] [ LANG ] /Source/70384jyxt/thinkphp/lang/zh-cn.php
[ info ] [ ROUTE ] array (
  'rule' => 'User/getCurrency',
  'route' => 'admin/user/getCurrency',
  'option' => 
  array (
    'merge_rule_regex' => false,
    'method' => 'get',
  ),
  'var' => 
  array (
  ),
)
[ info ] [ HEADER ] array (
  'accept-language' => 'zh-CN,zh;q=0.9,en;q=0.8',
  'accept-encoding' => 'gzip, deflate, br',
  'referer' => 'http://123.57.6.75/',
  'sec-fetch-dest' => 'empty',
  'sec-fetch-mode' => 'cors',
  'sec-fetch-site' => 'cross-site',
  'origin' => 'http://123.57.6.75',
  'user-agent' => 'Mozilla/5.0 (Macintosh; Intel Mac OS X 10_14_4) AppleWebKit/537.36 (KHTML, like Gecko) Chrome/89.0.4389.90 Safari/537.36',
  'sec-ch-ua-mobile' => '?0',
  'accept' => 'application/json, text/plain, */*',
  'sec-ch-ua' => '"Google Chrome";v="89", "Chromium";v="89", ";Not A Brand";v="99"',
  'connection' => 'keep-alive',
  'host' => 'localhost:7025',
  'content-type' => '',
  'content-length' => '',
)
[ info ] [ PARAM ] array (
  'token' => '14a5013b104a88ba7cc4c99ac9f333b08881b76c',
  'path' => '/dashboard',
  'type' => '2',
)
[ info ] [ DB ] INIT mysql
[ info ] [ DB ] INIT mysql
[ info ] [ DB ] INIT mysql
[ sql ] [ DB ] CONNECT:[ UseTime:0.011089s ] mysql:host=127.0.0.1;dbname=jyxt;charset=utf8
[ sql ] [ SQL ] SHOW COLUMNS FROM `jyxt_admin` [ RunTime:0.012021s ]
[ sql ] [ SQL ] SELECT `id` FROM `jyxt_admin` WHERE  `token` = '14a5013b104a88ba7cc4c99ac9f333b08881b76c'  AND `status` = 1 LIMIT 1 [ RunTime:0.000946s ]
[ sql ] [ DB ] CONNECT:[ UseTime:0.001391s ] mysql:host=127.0.0.1;dbname=jyxt;charset=utf8
[ sql ] [ SQL ] SELECT `auth`,`id` FROM `jyxt_admin` WHERE  `token` = '14a5013b104a88ba7cc4c99ac9f333b08881b76c' LIMIT 1 [ RunTime:0.000871s ]
[ sql ] [ DB ] CONNECT:[ UseTime:0.001295s ] mysql:host=127.0.0.1;dbname=jyxt;charset=utf8
[ sql ] [ SQL ] SHOW COLUMNS FROM `jyxt_currency` [ RunTime:0.015836s ]
[ sql ] [ SQL ] SELECT * FROM `jyxt_currency` WHERE  `type` = '2' [ RunTime:0.014182s ]
---------------------------------------------------------------
[2021-03-19T17:00:58+08:00] 127.0.0.1 GET localhost:7025/agent/home?token=14a5013b104a88ba7cc4c99ac9f333b08881b76c&path=%2Fdashboard
[运行时间：0.150318s] [吞吐率：6.65req/s] [内存消耗：1,129.41kb] [文件加载：69]
[ info ] [ LANG ] /Source/70384jyxt/thinkphp/lang/zh-cn.php
[ info ] [ ROUTE ] array (
  'rule' => 'agent/home',
  'route' => 'admin/agent/home',
  'option' => 
  array (
    'merge_rule_regex' => false,
    'method' => 'get',
  ),
  'var' => 
  array (
  ),
)
[ info ] [ HEADER ] array (
  'accept-language' => 'zh-CN,zh;q=0.9,en;q=0.8',
  'accept-encoding' => 'gzip, deflate, br',
  'referer' => 'http://123.57.6.75/',
  'sec-fetch-dest' => 'empty',
  'sec-fetch-mode' => 'cors',
  'sec-fetch-site' => 'cross-site',
  'origin' => 'http://123.57.6.75',
  'user-agent' => 'Mozilla/5.0 (Macintosh; Intel Mac OS X 10_14_4) AppleWebKit/537.36 (KHTML, like Gecko) Chrome/89.0.4389.90 Safari/537.36',
  'sec-ch-ua-mobile' => '?0',
  'accept' => 'application/json, text/plain, */*',
  'sec-ch-ua' => '"Google Chrome";v="89", "Chromium";v="89", ";Not A Brand";v="99"',
  'connection' => 'keep-alive',
  'host' => 'localhost:7025',
  'content-type' => '',
  'content-length' => '',
)
[ info ] [ PARAM ] array (
  'token' => '14a5013b104a88ba7cc4c99ac9f333b08881b76c',
  'path' => '/dashboard',
)
[ info ] [ DB ] INIT mysql
[ info ] [ DB ] INIT mysql
[ info ] [ DB ] INIT mysql
[ info ] [ DB ] INIT mysql
[ info ] [ DB ] INIT mysql
[ sql ] [ DB ] CONNECT:[ UseTime:0.009843s ] mysql:host=127.0.0.1;dbname=jyxt;charset=utf8
[ sql ] [ SQL ] SHOW COLUMNS FROM `jyxt_admin` [ RunTime:0.010789s ]
[ sql ] [ SQL ] SELECT `id` FROM `jyxt_admin` WHERE  `token` = '14a5013b104a88ba7cc4c99ac9f333b08881b76c'  AND `status` = 1 LIMIT 1 [ RunTime:0.001166s ]
[ sql ] [ DB ] CONNECT:[ UseTime:0.001391s ] mysql:host=127.0.0.1;dbname=jyxt;charset=utf8
[ sql ] [ SQL ] SELECT `auth`,`id` FROM `jyxt_admin` WHERE  `token` = '14a5013b104a88ba7cc4c99ac9f333b08881b76c' LIMIT 1 [ RunTime:0.000882s ]
[ sql ] [ DB ] CONNECT:[ UseTime:0.001343s ] mysql:host=127.0.0.1;dbname=jyxt;charset=utf8
[ sql ] [ SQL ] SELECT `auth`,`id` FROM `jyxt_admin` WHERE  `token` = '14a5013b104a88ba7cc4c99ac9f333b08881b76c' LIMIT 1 [ RunTime:0.008487s ]
[ sql ] [ DB ] CONNECT:[ UseTime:0.015566s ] mysql:host=127.0.0.1;dbname=jyxt;charset=utf8
[ sql ] [ SQL ] SHOW COLUMNS FROM `jyxt_user` [ RunTime:0.015913s ]
[ sql ] [ SQL ] SELECT COUNT(*) AS tp_count FROM `jyxt_user` [ RunTime:0.000876s ]
[ sql ] [ SQL ] SELECT COUNT(*) AS tp_count FROM `jyxt_user` WHERE  `time_stamp` = '1616058058' [ RunTime:0.000487s ]
[ sql ] [ SQL ] SELECT COUNT(*) AS tp_count FROM `jyxt_user` WHERE  `time_stamp` = '1616058058'  AND `time_stamp` = '1616083200' [ RunTime:0.000411s ]
[ sql ] [ SQL ] SELECT COUNT(*) AS tp_count FROM `jyxt_user` WHERE  `time_stamp` = '1616058058'  AND `time_stamp` = '1616083200'  AND `time_stamp` = '1616083200'  AND `id_card` IN ('id','<>','') [ RunTime:0.000425s ]
[ sql ] [ SQL ] SELECT COUNT(*) AS tp_count FROM `jyxt_user` WHERE  `time_stamp` = '1616058058'  AND `time_stamp` = '1616083200'  AND `time_stamp` = '1616083200'  AND `id_card` IN ('id','<>','')  AND `time_stamp` = '1616058058'  AND `id_card` IN ('id','<>','') [ RunTime:0.000821s ]
[ sql ] [ SQL ] SELECT COUNT(*) AS tp_count FROM `jyxt_user` WHERE  `time_stamp` = '1616058058'  AND `time_stamp` = '1616083200'  AND `time_stamp` = '1616083200'  AND `id_card` IN ('id','<>','')  AND `time_stamp` = '1616058058'  AND `id_card` IN ('id','<>','')  AND `time_stamp` = '1616083200'  AND `id_card` IN ('id','<>','') [ RunTime:0.000733s ]
[ sql ] [ DB ] CONNECT:[ UseTime:0.001136s ] mysql:host=127.0.0.1;dbname=jyxt;charset=utf8
[ sql ] [ SQL ] select a.amount, a.total,a.open_fee,UNIX_TIMESTAMP(a.time) as time
                from jyxt_user_deal_lines_c a
                LEFT JOIN jyxt_user b on b.id = a.user_id
                where 1=1 UNION ALL select 0 as amount,0 as total,a.money as fee,UNIX_TIMESTAMP(a.add_time) as time
                from jyxt_user_wallet_log a
                LEFT JOIN jyxt_user b on b.id = a.user_id
                where type in (12,13) [ RunTime:0.032639s ]
---------------------------------------------------------------
[2021-03-19T17:01:00+08:00] 127.0.0.1 POST localhost:7025/Info/logout
[运行时间：0.011456s] [吞吐率：87.29req/s] [内存消耗：843.24kb] [文件加载：68]
[ info ] [ LANG ] /Source/70384jyxt/thinkphp/lang/zh-cn.php
[ info ] [ ROUTE ] array (
  'rule' => 'Info/logout',
  'route' => 'admin/info/logout',
  'option' => 
  array (
    'merge_rule_regex' => false,
    'method' => 'post',
  ),
  'var' => 
  array (
  ),
)
[ info ] [ HEADER ] array (
  'accept-language' => 'zh-CN,zh;q=0.9,en;q=0.8',
  'accept-encoding' => 'gzip, deflate, br',
  'referer' => 'http://123.57.6.75/',
  'sec-fetch-dest' => 'empty',
  'sec-fetch-mode' => 'cors',
  'sec-fetch-site' => 'cross-site',
  'origin' => 'http://123.57.6.75',
  'content-type' => 'application/x-www-form-urlencoded',
  'user-agent' => 'Mozilla/5.0 (Macintosh; Intel Mac OS X 10_14_4) AppleWebKit/537.36 (KHTML, like Gecko) Chrome/89.0.4389.90 Safari/537.36',
  'sec-ch-ua-mobile' => '?0',
  'accept' => 'application/json, text/plain, */*',
  'sec-ch-ua' => '"Google Chrome";v="89", "Chromium";v="89", ";Not A Brand";v="99"',
  'content-length' => '64',
  'connection' => 'keep-alive',
  'host' => 'localhost:7025',
)
[ info ] [ PARAM ] array (
  'token' => '14a5013b104a88ba7cc4c99ac9f333b08881b76c',
  'path' => '/dashboard',
)
[ info ] [ DB ] INIT mysql
[ info ] [ DB ] INIT mysql
[ sql ] [ DB ] CONNECT:[ UseTime:0.000949s ] mysql:host=127.0.0.1;dbname=jyxt;charset=utf8
[ sql ] [ SQL ] SHOW COLUMNS FROM `jyxt_admin` [ RunTime:0.001929s ]
[ sql ] [ SQL ] SELECT `id` FROM `jyxt_admin` WHERE  `token` = '14a5013b104a88ba7cc4c99ac9f333b08881b76c'  AND `status` = 1 LIMIT 1 [ RunTime:0.000969s ]
[ sql ] [ DB ] CONNECT:[ UseTime:0.000864s ] mysql:host=127.0.0.1;dbname=jyxt;charset=utf8
[ sql ] [ SQL ] SELECT `auth`,`id` FROM `jyxt_admin` WHERE  `token` = '14a5013b104a88ba7cc4c99ac9f333b08881b76c' LIMIT 1 [ RunTime:0.000814s ]
---------------------------------------------------------------
[2021-03-19T17:01:07+08:00] 127.0.0.1 POST localhost:7025/Login/login
[运行时间：0.020434s] [吞吐率：48.94req/s] [内存消耗：880.98kb] [文件加载：69]
[ info ] [ LANG ] /Source/70384jyxt/thinkphp/lang/zh-cn.php
[ info ] [ ROUTE ] array (
  'rule' => 'Login/login',
  'route' => 'admin/login/login',
  'option' => 
  array (
    'merge_rule_regex' => false,
    'method' => 'post',
  ),
  'var' => 
  array (
  ),
)
[ info ] [ HEADER ] array (
  'accept-language' => 'zh-CN,zh;q=0.9,en;q=0.8',
  'accept-encoding' => 'gzip, deflate, br',
  'referer' => 'http://123.57.6.75/',
  'sec-fetch-dest' => 'empty',
  'sec-fetch-mode' => 'cors',
  'sec-fetch-site' => 'cross-site',
  'origin' => 'http://123.57.6.75',
  'content-type' => 'application/x-www-form-urlencoded',
  'user-agent' => 'Mozilla/5.0 (Macintosh; Intel Mac OS X 10_14_4) AppleWebKit/537.36 (KHTML, like Gecko) Chrome/89.0.4389.90 Safari/537.36',
  'sec-ch-ua-mobile' => '?0',
  'accept' => 'application/json, text/plain, */*',
  'sec-ch-ua' => '"Google Chrome";v="89", "Chromium";v="89", ";Not A Brand";v="99"',
  'content-length' => '52',
  'connection' => 'keep-alive',
  'host' => 'localhost:7025',
)
[ info ] [ PARAM ] array (
  'token' => '',
  'path' => '/login',
  'username' => 'admin2',
  'password' => '123456',
)
[ info ] [ DB ] INIT mysql
[ info ] [ DB ] INIT mysql
[ sql ] [ DB ] CONNECT:[ UseTime:0.001857s ] mysql:host=127.0.0.1;dbname=jyxt;charset=utf8
[ sql ] [ SQL ] SHOW COLUMNS FROM `jyxt_admin` [ RunTime:0.001668s ]
[ sql ] [ SQL ] SELECT `id`,`nickname`,`auth`,`status` FROM `jyxt_admin` WHERE  `username` = 'admin2'  AND `password` = 'e10adc3949ba59abbe56e057f20f883e' LIMIT 1 [ RunTime:0.000783s ]
[ sql ] [ DB ] CONNECT:[ UseTime:0.000900s ] mysql:host=127.0.0.1;dbname=jyxt;charset=utf8
[ sql ] [ SQL ] UPDATE `jyxt_admin`  SET `token` = '8fe48fcb278a4bcbf93969a7aea0126451cb4579'  WHERE  `id` = 2 [ RunTime:0.001415s ]
---------------------------------------------------------------
[2021-03-19T17:01:08+08:00] 127.0.0.1 GET localhost:7025/User/getCurrency?token=8fe48fcb278a4bcbf93969a7aea0126451cb4579&path=%2Fdashboard&type=2
[运行时间：0.022678s] [吞吐率：44.10req/s] [内存消耗：922.97kb] [文件加载：68]
[ info ] [ LANG ] /Source/70384jyxt/thinkphp/lang/zh-cn.php
[ info ] [ ROUTE ] array (
  'rule' => 'User/getCurrency',
  'route' => 'admin/user/getCurrency',
  'option' => 
  array (
    'merge_rule_regex' => false,
    'method' => 'get',
  ),
  'var' => 
  array (
  ),
)
[ info ] [ HEADER ] array (
  'accept-language' => 'zh-CN,zh;q=0.9,en;q=0.8',
  'accept-encoding' => 'gzip, deflate, br',
  'referer' => 'http://123.57.6.75/',
  'sec-fetch-dest' => 'empty',
  'sec-fetch-mode' => 'cors',
  'sec-fetch-site' => 'cross-site',
  'origin' => 'http://123.57.6.75',
  'user-agent' => 'Mozilla/5.0 (Macintosh; Intel Mac OS X 10_14_4) AppleWebKit/537.36 (KHTML, like Gecko) Chrome/89.0.4389.90 Safari/537.36',
  'sec-ch-ua-mobile' => '?0',
  'accept' => 'application/json, text/plain, */*',
  'sec-ch-ua' => '"Google Chrome";v="89", "Chromium";v="89", ";Not A Brand";v="99"',
  'connection' => 'keep-alive',
  'host' => 'localhost:7025',
  'content-type' => '',
  'content-length' => '',
)
[ info ] [ PARAM ] array (
  'token' => '8fe48fcb278a4bcbf93969a7aea0126451cb4579',
  'path' => '/dashboard',
  'type' => '2',
)
[ info ] [ DB ] INIT mysql
[ info ] [ DB ] INIT mysql
[ info ] [ DB ] INIT mysql
[ sql ] [ DB ] CONNECT:[ UseTime:0.000969s ] mysql:host=127.0.0.1;dbname=jyxt;charset=utf8
[ sql ] [ SQL ] SHOW COLUMNS FROM `jyxt_admin` [ RunTime:0.002701s ]
[ sql ] [ SQL ] SELECT `id` FROM `jyxt_admin` WHERE  `token` = '8fe48fcb278a4bcbf93969a7aea0126451cb4579'  AND `status` = 1 LIMIT 1 [ RunTime:0.006406s ]
[ sql ] [ DB ] CONNECT:[ UseTime:0.001335s ] mysql:host=127.0.0.1;dbname=jyxt;charset=utf8
[ sql ] [ SQL ] SELECT `auth`,`id` FROM `jyxt_admin` WHERE  `token` = '8fe48fcb278a4bcbf93969a7aea0126451cb4579' LIMIT 1 [ RunTime:0.000748s ]
[ sql ] [ DB ] CONNECT:[ UseTime:0.001260s ] mysql:host=127.0.0.1;dbname=jyxt;charset=utf8
[ sql ] [ SQL ] SHOW COLUMNS FROM `jyxt_currency` [ RunTime:0.002483s ]
[ sql ] [ SQL ] SELECT * FROM `jyxt_currency` WHERE  `type` = '2' [ RunTime:0.001033s ]
---------------------------------------------------------------
[2021-03-19T17:01:08+08:00] 127.0.0.1 GET localhost:7025/agent/home?token=8fe48fcb278a4bcbf93969a7aea0126451cb4579&path=%2Fdashboard
[运行时间：0.026048s] [吞吐率：38.39req/s] [内存消耗：913.15kb] [文件加载：69]
[ info ] [ LANG ] /Source/70384jyxt/thinkphp/lang/zh-cn.php
[ info ] [ ROUTE ] array (
  'rule' => 'agent/home',
  'route' => 'admin/agent/home',
  'option' => 
  array (
    'merge_rule_regex' => false,
    'method' => 'get',
  ),
  'var' => 
  array (
  ),
)
[ info ] [ HEADER ] array (
  'accept-language' => 'zh-CN,zh;q=0.9,en;q=0.8',
  'accept-encoding' => 'gzip, deflate, br',
  'referer' => 'http://123.57.6.75/',
  'sec-fetch-dest' => 'empty',
  'sec-fetch-mode' => 'cors',
  'sec-fetch-site' => 'cross-site',
  'origin' => 'http://123.57.6.75',
  'user-agent' => 'Mozilla/5.0 (Macintosh; Intel Mac OS X 10_14_4) AppleWebKit/537.36 (KHTML, like Gecko) Chrome/89.0.4389.90 Safari/537.36',
  'sec-ch-ua-mobile' => '?0',
  'accept' => 'application/json, text/plain, */*',
  'sec-ch-ua' => '"Google Chrome";v="89", "Chromium";v="89", ";Not A Brand";v="99"',
  'connection' => 'keep-alive',
  'host' => 'localhost:7025',
  'content-type' => '',
  'content-length' => '',
)
[ info ] [ PARAM ] array (
  'token' => '8fe48fcb278a4bcbf93969a7aea0126451cb4579',
  'path' => '/dashboard',
)
[ info ] [ DB ] INIT mysql
[ info ] [ DB ] INIT mysql
[ info ] [ DB ] INIT mysql
[ sql ] [ DB ] CONNECT:[ UseTime:0.000737s ] mysql:host=127.0.0.1;dbname=jyxt;charset=utf8
[ sql ] [ SQL ] SHOW COLUMNS FROM `jyxt_admin` [ RunTime:0.002164s ]
[ sql ] [ SQL ] SELECT `id` FROM `jyxt_admin` WHERE  `token` = '8fe48fcb278a4bcbf93969a7aea0126451cb4579'  AND `status` = 1 LIMIT 1 [ RunTime:0.000837s ]
[ sql ] [ DB ] CONNECT:[ UseTime:0.005773s ] mysql:host=127.0.0.1;dbname=jyxt;charset=utf8
[ sql ] [ SQL ] SELECT `auth`,`id` FROM `jyxt_admin` WHERE  `token` = '8fe48fcb278a4bcbf93969a7aea0126451cb4579' LIMIT 1 [ RunTime:0.000888s ]
[ sql ] [ DB ] CONNECT:[ UseTime:0.001449s ] mysql:host=127.0.0.1;dbname=jyxt;charset=utf8
[ sql ] [ SQL ] SELECT `auth`,`id` FROM `jyxt_admin` WHERE  `token` = '8fe48fcb278a4bcbf93969a7aea0126451cb4579' LIMIT 1 [ RunTime:0.000829s ]
---------------------------------------------------------------
[2021-03-19T17:04:03+08:00] 127.0.0.1 GET localhost:7025/Info/getInfo?token=8fe48fcb278a4bcbf93969a7aea0126451cb4579&path=%2F
[运行时间：0.018511s] [吞吐率：54.02req/s] [内存消耗：908.95kb] [文件加载：68]
[ info ] [ LANG ] /Source/70384jyxt/thinkphp/lang/zh-cn.php
[ info ] [ ROUTE ] array (
  'rule' => 'Info/getInfo',
  'route' => 'admin/info/info',
  'option' => 
  array (
    'merge_rule_regex' => false,
    'method' => 'get',
  ),
  'var' => 
  array (
  ),
)
[ info ] [ HEADER ] array (
  'accept-language' => 'zh-CN,zh;q=0.9,en;q=0.8',
  'accept-encoding' => 'gzip, deflate, br',
  'referer' => 'http://123.57.6.75/',
  'sec-fetch-dest' => 'empty',
  'sec-fetch-mode' => 'cors',
  'sec-fetch-site' => 'cross-site',
  'origin' => 'http://123.57.6.75',
  'user-agent' => 'Mozilla/5.0 (Macintosh; Intel Mac OS X 10_14_4) AppleWebKit/537.36 (KHTML, like Gecko) Chrome/89.0.4389.90 Safari/537.36',
  'sec-ch-ua-mobile' => '?0',
  'accept' => 'application/json, text/plain, */*',
  'sec-ch-ua' => '"Google Chrome";v="89", "Chromium";v="89", ";Not A Brand";v="99"',
  'connection' => 'keep-alive',
  'host' => 'localhost:7025',
  'content-type' => '',
  'content-length' => '',
)
[ info ] [ PARAM ] array (
  'token' => '8fe48fcb278a4bcbf93969a7aea0126451cb4579',
  'path' => '/',
)
[ info ] [ DB ] INIT mysql
[ info ] [ DB ] INIT mysql
[ info ] [ DB ] INIT mysql
[ sql ] [ DB ] CONNECT:[ UseTime:0.002206s ] mysql:host=127.0.0.1;dbname=jyxt;charset=utf8
[ sql ] [ SQL ] SHOW COLUMNS FROM `jyxt_admin` [ RunTime:0.004166s ]
[ sql ] [ SQL ] SELECT `id` FROM `jyxt_admin` WHERE  `token` = '8fe48fcb278a4bcbf93969a7aea0126451cb4579'  AND `status` = 1 LIMIT 1 [ RunTime:0.000781s ]
[ sql ] [ DB ] CONNECT:[ UseTime:0.000799s ] mysql:host=127.0.0.1;dbname=jyxt;charset=utf8
[ sql ] [ SQL ] SELECT `auth`,`id` FROM `jyxt_admin` WHERE  `token` = '8fe48fcb278a4bcbf93969a7aea0126451cb4579' LIMIT 1 [ RunTime:0.000596s ]
[ sql ] [ DB ] CONNECT:[ UseTime:0.000732s ] mysql:host=127.0.0.1;dbname=jyxt;charset=utf8
[ sql ] [ SQL ] SELECT `nickname`,`username` FROM `jyxt_admin` WHERE  `token` = '8fe48fcb278a4bcbf93969a7aea0126451cb4579' LIMIT 1 [ RunTime:0.000483s ]
---------------------------------------------------------------
[2021-03-19T17:04:03+08:00] 127.0.0.1 GET localhost:7025/agent/home?token=8fe48fcb278a4bcbf93969a7aea0126451cb4579&path=%2Fdashboard
[运行时间：0.047427s] [吞吐率：21.09req/s] [内存消耗：913.15kb] [文件加载：69]
[ info ] [ LANG ] /Source/70384jyxt/thinkphp/lang/zh-cn.php
[ info ] [ ROUTE ] array (
  'rule' => 'agent/home',
  'route' => 'admin/agent/home',
  'option' => 
  array (
    'merge_rule_regex' => false,
    'method' => 'get',
  ),
  'var' => 
  array (
  ),
)
[ info ] [ HEADER ] array (
  'accept-language' => 'zh-CN,zh;q=0.9,en;q=0.8',
  'accept-encoding' => 'gzip, deflate, br',
  'referer' => 'http://123.57.6.75/',
  'sec-fetch-dest' => 'empty',
  'sec-fetch-mode' => 'cors',
  'sec-fetch-site' => 'cross-site',
  'origin' => 'http://123.57.6.75',
  'user-agent' => 'Mozilla/5.0 (Macintosh; Intel Mac OS X 10_14_4) AppleWebKit/537.36 (KHTML, like Gecko) Chrome/89.0.4389.90 Safari/537.36',
  'sec-ch-ua-mobile' => '?0',
  'accept' => 'application/json, text/plain, */*',
  'sec-ch-ua' => '"Google Chrome";v="89", "Chromium";v="89", ";Not A Brand";v="99"',
  'connection' => 'keep-alive',
  'host' => 'localhost:7025',
  'content-type' => '',
  'content-length' => '',
)
[ info ] [ PARAM ] array (
  'token' => '8fe48fcb278a4bcbf93969a7aea0126451cb4579',
  'path' => '/dashboard',
)
[ info ] [ DB ] INIT mysql
[ info ] [ DB ] INIT mysql
[ info ] [ DB ] INIT mysql
[ sql ] [ DB ] CONNECT:[ UseTime:0.000885s ] mysql:host=127.0.0.1;dbname=jyxt;charset=utf8
[ sql ] [ SQL ] SHOW COLUMNS FROM `jyxt_admin` [ RunTime:0.003551s ]
[ sql ] [ SQL ] SELECT `id` FROM `jyxt_admin` WHERE  `token` = '8fe48fcb278a4bcbf93969a7aea0126451cb4579'  AND `status` = 1 LIMIT 1 [ RunTime:0.006150s ]
[ sql ] [ DB ] CONNECT:[ UseTime:0.007836s ] mysql:host=127.0.0.1;dbname=jyxt;charset=utf8
[ sql ] [ SQL ] SELECT `auth`,`id` FROM `jyxt_admin` WHERE  `token` = '8fe48fcb278a4bcbf93969a7aea0126451cb4579' LIMIT 1 [ RunTime:0.002276s ]
[ sql ] [ DB ] CONNECT:[ UseTime:0.012572s ] mysql:host=127.0.0.1;dbname=jyxt;charset=utf8
[ sql ] [ SQL ] SELECT `auth`,`id` FROM `jyxt_admin` WHERE  `token` = '8fe48fcb278a4bcbf93969a7aea0126451cb4579' LIMIT 1 [ RunTime:0.000847s ]
---------------------------------------------------------------
[2021-03-19T17:04:03+08:00] 127.0.0.1 GET localhost:7025/User/getCurrency?token=8fe48fcb278a4bcbf93969a7aea0126451cb4579&path=%2Fdashboard&type=2
[运行时间：0.048999s] [吞吐率：20.41req/s] [内存消耗：922.97kb] [文件加载：68]
[ info ] [ LANG ] /Source/70384jyxt/thinkphp/lang/zh-cn.php
[ info ] [ ROUTE ] array (
  'rule' => 'User/getCurrency',
  'route' => 'admin/user/getCurrency',
  'option' => 
  array (
    'merge_rule_regex' => false,
    'method' => 'get',
  ),
  'var' => 
  array (
  ),
)
[ info ] [ HEADER ] array (
  'accept-language' => 'zh-CN,zh;q=0.9,en;q=0.8',
  'accept-encoding' => 'gzip, deflate, br',
  'referer' => 'http://123.57.6.75/',
  'sec-fetch-dest' => 'empty',
  'sec-fetch-mode' => 'cors',
  'sec-fetch-site' => 'cross-site',
  'origin' => 'http://123.57.6.75',
  'user-agent' => 'Mozilla/5.0 (Macintosh; Intel Mac OS X 10_14_4) AppleWebKit/537.36 (KHTML, like Gecko) Chrome/89.0.4389.90 Safari/537.36',
  'sec-ch-ua-mobile' => '?0',
  'accept' => 'application/json, text/plain, */*',
  'sec-ch-ua' => '"Google Chrome";v="89", "Chromium";v="89", ";Not A Brand";v="99"',
  'connection' => 'keep-alive',
  'host' => 'localhost:7025',
  'content-type' => '',
  'content-length' => '',
)
[ info ] [ PARAM ] array (
  'token' => '8fe48fcb278a4bcbf93969a7aea0126451cb4579',
  'path' => '/dashboard',
  'type' => '2',
)
[ info ] [ DB ] INIT mysql
[ info ] [ DB ] INIT mysql
[ info ] [ DB ] INIT mysql
[ sql ] [ DB ] CONNECT:[ UseTime:0.002448s ] mysql:host=127.0.0.1;dbname=jyxt;charset=utf8
[ sql ] [ SQL ] SHOW COLUMNS FROM `jyxt_admin` [ RunTime:0.002715s ]
[ sql ] [ SQL ] SELECT `id` FROM `jyxt_admin` WHERE  `token` = '8fe48fcb278a4bcbf93969a7aea0126451cb4579'  AND `status` = 1 LIMIT 1 [ RunTime:0.000850s ]
[ sql ] [ DB ] CONNECT:[ UseTime:0.007015s ] mysql:host=127.0.0.1;dbname=jyxt;charset=utf8
[ sql ] [ SQL ] SELECT `auth`,`id` FROM `jyxt_admin` WHERE  `token` = '8fe48fcb278a4bcbf93969a7aea0126451cb4579' LIMIT 1 [ RunTime:0.006124s ]
[ sql ] [ DB ] CONNECT:[ UseTime:0.005299s ] mysql:host=127.0.0.1;dbname=jyxt;charset=utf8
[ sql ] [ SQL ] SHOW COLUMNS FROM `jyxt_currency` [ RunTime:0.010787s ]
[ sql ] [ SQL ] SELECT * FROM `jyxt_currency` WHERE  `type` = '2' [ RunTime:0.002057s ]
---------------------------------------------------------------
[2021-03-19T17:04:06+08:00] 127.0.0.1 GET localhost:7025/Info/getInfo?token=8fe48fcb278a4bcbf93969a7aea0126451cb4579&path=%2F
[运行时间：0.022060s] [吞吐率：45.33req/s] [内存消耗：908.74kb] [文件加载：68]
[ info ] [ LANG ] /Source/70384jyxt/thinkphp/lang/zh-cn.php
[ info ] [ ROUTE ] array (
  'rule' => 'Info/getInfo',
  'route' => 'admin/info/info',
  'option' => 
  array (
    'merge_rule_regex' => false,
    'method' => 'get',
  ),
  'var' => 
  array (
  ),
)
[ info ] [ HEADER ] array (
  'accept-language' => 'zh-CN,zh;q=0.9,en;q=0.8',
  'accept-encoding' => 'gzip, deflate, br',
  'referer' => 'http://123.57.6.75/',
  'sec-fetch-dest' => 'empty',
  'sec-fetch-mode' => 'cors',
  'sec-fetch-site' => 'cross-site',
  'origin' => 'http://123.57.6.75',
  'user-agent' => 'Mozilla/5.0 (iPhone; CPU iPhone OS 13_2_3 like Mac OS X) AppleWebKit/605.1.15 (KHTML, like Gecko) Version/13.0.3 Mobile/15E148 Safari/604.1',
  'accept' => 'application/json, text/plain, */*',
  'connection' => 'keep-alive',
  'host' => 'localhost:7025',
  'content-type' => '',
  'content-length' => '',
)
[ info ] [ PARAM ] array (
  'token' => '8fe48fcb278a4bcbf93969a7aea0126451cb4579',
  'path' => '/',
)
[ info ] [ DB ] INIT mysql
[ info ] [ DB ] INIT mysql
[ info ] [ DB ] INIT mysql
[ sql ] [ DB ] CONNECT:[ UseTime:0.000985s ] mysql:host=127.0.0.1;dbname=jyxt;charset=utf8
[ sql ] [ SQL ] SHOW COLUMNS FROM `jyxt_admin` [ RunTime:0.003760s ]
[ sql ] [ SQL ] SELECT `id` FROM `jyxt_admin` WHERE  `token` = '8fe48fcb278a4bcbf93969a7aea0126451cb4579'  AND `status` = 1 LIMIT 1 [ RunTime:0.002058s ]
[ sql ] [ DB ] CONNECT:[ UseTime:0.001298s ] mysql:host=127.0.0.1;dbname=jyxt;charset=utf8
[ sql ] [ SQL ] SELECT `auth`,`id` FROM `jyxt_admin` WHERE  `token` = '8fe48fcb278a4bcbf93969a7aea0126451cb4579' LIMIT 1 [ RunTime:0.000644s ]
[ sql ] [ DB ] CONNECT:[ UseTime:0.003784s ] mysql:host=127.0.0.1;dbname=jyxt;charset=utf8
[ sql ] [ SQL ] SELECT `nickname`,`username` FROM `jyxt_admin` WHERE  `token` = '8fe48fcb278a4bcbf93969a7aea0126451cb4579' LIMIT 1 [ RunTime:0.000783s ]
---------------------------------------------------------------
[2021-03-19T17:04:07+08:00] 127.0.0.1 GET localhost:7025/agent/home?token=8fe48fcb278a4bcbf93969a7aea0126451cb4579&path=%2Fdashboard
[运行时间：0.018659s] [吞吐率：53.59req/s] [内存消耗：912.94kb] [文件加载：69]
[ info ] [ LANG ] /Source/70384jyxt/thinkphp/lang/zh-cn.php
[ info ] [ ROUTE ] array (
  'rule' => 'agent/home',
  'route' => 'admin/agent/home',
  'option' => 
  array (
    'merge_rule_regex' => false,
    'method' => 'get',
  ),
  'var' => 
  array (
  ),
)
[ info ] [ HEADER ] array (
  'accept-language' => 'zh-CN,zh;q=0.9,en;q=0.8',
  'accept-encoding' => 'gzip, deflate, br',
  'referer' => 'http://123.57.6.75/',
  'sec-fetch-dest' => 'empty',
  'sec-fetch-mode' => 'cors',
  'sec-fetch-site' => 'cross-site',
  'origin' => 'http://123.57.6.75',
  'user-agent' => 'Mozilla/5.0 (iPhone; CPU iPhone OS 13_2_3 like Mac OS X) AppleWebKit/605.1.15 (KHTML, like Gecko) Version/13.0.3 Mobile/15E148 Safari/604.1',
  'accept' => 'application/json, text/plain, */*',
  'connection' => 'keep-alive',
  'host' => 'localhost:7025',
  'content-type' => '',
  'content-length' => '',
)
[ info ] [ PARAM ] array (
  'token' => '8fe48fcb278a4bcbf93969a7aea0126451cb4579',
  'path' => '/dashboard',
)
[ info ] [ DB ] INIT mysql
[ info ] [ DB ] INIT mysql
[ info ] [ DB ] INIT mysql
[ sql ] [ DB ] CONNECT:[ UseTime:0.002189s ] mysql:host=127.0.0.1;dbname=jyxt;charset=utf8
[ sql ] [ SQL ] SHOW COLUMNS FROM `jyxt_admin` [ RunTime:0.004980s ]
[ sql ] [ SQL ] SELECT `id` FROM `jyxt_admin` WHERE  `token` = '8fe48fcb278a4bcbf93969a7aea0126451cb4579'  AND `status` = 1 LIMIT 1 [ RunTime:0.000610s ]
[ sql ] [ DB ] CONNECT:[ UseTime:0.000945s ] mysql:host=127.0.0.1;dbname=jyxt;charset=utf8
[ sql ] [ SQL ] SELECT `auth`,`id` FROM `jyxt_admin` WHERE  `token` = '8fe48fcb278a4bcbf93969a7aea0126451cb4579' LIMIT 1 [ RunTime:0.000870s ]
[ sql ] [ DB ] CONNECT:[ UseTime:0.002757s ] mysql:host=127.0.0.1;dbname=jyxt;charset=utf8
[ sql ] [ SQL ] SELECT `auth`,`id` FROM `jyxt_admin` WHERE  `token` = '8fe48fcb278a4bcbf93969a7aea0126451cb4579' LIMIT 1 [ RunTime:0.000869s ]
---------------------------------------------------------------
[2021-03-19T17:04:07+08:00] 127.0.0.1 GET localhost:7025/User/getCurrency?token=8fe48fcb278a4bcbf93969a7aea0126451cb4579&path=%2Fdashboard&type=2
[运行时间：0.027042s] [吞吐率：36.98req/s] [内存消耗：922.76kb] [文件加载：68]
[ info ] [ LANG ] /Source/70384jyxt/thinkphp/lang/zh-cn.php
[ info ] [ ROUTE ] array (
  'rule' => 'User/getCurrency',
  'route' => 'admin/user/getCurrency',
  'option' => 
  array (
    'merge_rule_regex' => false,
    'method' => 'get',
  ),
  'var' => 
  array (
  ),
)
[ info ] [ HEADER ] array (
  'accept-language' => 'zh-CN,zh;q=0.9,en;q=0.8',
  'accept-encoding' => 'gzip, deflate, br',
  'referer' => 'http://123.57.6.75/',
  'sec-fetch-dest' => 'empty',
  'sec-fetch-mode' => 'cors',
  'sec-fetch-site' => 'cross-site',
  'origin' => 'http://123.57.6.75',
  'user-agent' => 'Mozilla/5.0 (iPhone; CPU iPhone OS 13_2_3 like Mac OS X) AppleWebKit/605.1.15 (KHTML, like Gecko) Version/13.0.3 Mobile/15E148 Safari/604.1',
  'accept' => 'application/json, text/plain, */*',
  'connection' => 'keep-alive',
  'host' => 'localhost:7025',
  'content-type' => '',
  'content-length' => '',
)
[ info ] [ PARAM ] array (
  'token' => '8fe48fcb278a4bcbf93969a7aea0126451cb4579',
  'path' => '/dashboard',
  'type' => '2',
)
[ info ] [ DB ] INIT mysql
[ info ] [ DB ] INIT mysql
[ info ] [ DB ] INIT mysql
[ sql ] [ DB ] CONNECT:[ UseTime:0.001407s ] mysql:host=127.0.0.1;dbname=jyxt;charset=utf8
[ sql ] [ SQL ] SHOW COLUMNS FROM `jyxt_admin` [ RunTime:0.004335s ]
[ sql ] [ SQL ] SELECT `id` FROM `jyxt_admin` WHERE  `token` = '8fe48fcb278a4bcbf93969a7aea0126451cb4579'  AND `status` = 1 LIMIT 1 [ RunTime:0.000721s ]
[ sql ] [ DB ] CONNECT:[ UseTime:0.001885s ] mysql:host=127.0.0.1;dbname=jyxt;charset=utf8
[ sql ] [ SQL ] SELECT `auth`,`id` FROM `jyxt_admin` WHERE  `token` = '8fe48fcb278a4bcbf93969a7aea0126451cb4579' LIMIT 1 [ RunTime:0.002145s ]
[ sql ] [ DB ] CONNECT:[ UseTime:0.001042s ] mysql:host=127.0.0.1;dbname=jyxt;charset=utf8
[ sql ] [ SQL ] SHOW COLUMNS FROM `jyxt_currency` [ RunTime:0.006449s ]
[ sql ] [ SQL ] SELECT * FROM `jyxt_currency` WHERE  `type` = '2' [ RunTime:0.001349s ]
---------------------------------------------------------------
[2021-03-19T17:04:10+08:00] 127.0.0.1 POST localhost:7025/Info/logout
[运行时间：0.013218s] [吞吐率：75.65req/s] [内存消耗：843.03kb] [文件加载：68]
[ info ] [ LANG ] /Source/70384jyxt/thinkphp/lang/zh-cn.php
[ info ] [ ROUTE ] array (
  'rule' => 'Info/logout',
  'route' => 'admin/info/logout',
  'option' => 
  array (
    'merge_rule_regex' => false,
    'method' => 'post',
  ),
  'var' => 
  array (
  ),
)
[ info ] [ HEADER ] array (
  'accept-language' => 'zh-CN,zh;q=0.9,en;q=0.8',
  'accept-encoding' => 'gzip, deflate, br',
  'referer' => 'http://123.57.6.75/',
  'sec-fetch-dest' => 'empty',
  'sec-fetch-mode' => 'cors',
  'sec-fetch-site' => 'cross-site',
  'origin' => 'http://123.57.6.75',
  'content-type' => 'application/x-www-form-urlencoded',
  'user-agent' => 'Mozilla/5.0 (iPhone; CPU iPhone OS 13_2_3 like Mac OS X) AppleWebKit/605.1.15 (KHTML, like Gecko) Version/13.0.3 Mobile/15E148 Safari/604.1',
  'accept' => 'application/json, text/plain, */*',
  'content-length' => '64',
  'connection' => 'keep-alive',
  'host' => 'localhost:7025',
)
[ info ] [ PARAM ] array (
  'token' => '8fe48fcb278a4bcbf93969a7aea0126451cb4579',
  'path' => '/dashboard',
)
[ info ] [ DB ] INIT mysql
[ info ] [ DB ] INIT mysql
[ sql ] [ DB ] CONNECT:[ UseTime:0.003951s ] mysql:host=127.0.0.1;dbname=jyxt;charset=utf8
[ sql ] [ SQL ] SHOW COLUMNS FROM `jyxt_admin` [ RunTime:0.003265s ]
[ sql ] [ SQL ] SELECT `id` FROM `jyxt_admin` WHERE  `token` = '8fe48fcb278a4bcbf93969a7aea0126451cb4579'  AND `status` = 1 LIMIT 1 [ RunTime:0.000569s ]
[ sql ] [ DB ] CONNECT:[ UseTime:0.000861s ] mysql:host=127.0.0.1;dbname=jyxt;charset=utf8
[ sql ] [ SQL ] SELECT `auth`,`id` FROM `jyxt_admin` WHERE  `token` = '8fe48fcb278a4bcbf93969a7aea0126451cb4579' LIMIT 1 [ RunTime:0.000539s ]
---------------------------------------------------------------
[2021-03-19T17:04:16+08:00] 127.0.0.1 POST localhost:7025/Login/login
[运行时间：0.016146s] [吞吐率：61.94req/s] [内存消耗：880.77kb] [文件加载：69]
[ info ] [ LANG ] /Source/70384jyxt/thinkphp/lang/zh-cn.php
[ info ] [ ROUTE ] array (
  'rule' => 'Login/login',
  'route' => 'admin/login/login',
  'option' => 
  array (
    'merge_rule_regex' => false,
    'method' => 'post',
  ),
  'var' => 
  array (
  ),
)
[ info ] [ HEADER ] array (
  'accept-language' => 'zh-CN,zh;q=0.9,en;q=0.8',
  'accept-encoding' => 'gzip, deflate, br',
  'referer' => 'http://123.57.6.75/',
  'sec-fetch-dest' => 'empty',
  'sec-fetch-mode' => 'cors',
  'sec-fetch-site' => 'cross-site',
  'origin' => 'http://123.57.6.75',
  'content-type' => 'application/x-www-form-urlencoded',
  'user-agent' => 'Mozilla/5.0 (iPhone; CPU iPhone OS 13_2_3 like Mac OS X) AppleWebKit/605.1.15 (KHTML, like Gecko) Version/13.0.3 Mobile/15E148 Safari/604.1',
  'accept' => 'application/json, text/plain, */*',
  'content-length' => '52',
  'connection' => 'keep-alive',
  'host' => 'localhost:7025',
)
[ info ] [ PARAM ] array (
  'token' => '',
  'path' => '/login',
  'username' => 'admin2',
  'password' => '123456',
)
[ info ] [ DB ] INIT mysql
[ info ] [ DB ] INIT mysql
[ sql ] [ DB ] CONNECT:[ UseTime:0.000856s ] mysql:host=127.0.0.1;dbname=jyxt;charset=utf8
[ sql ] [ SQL ] SHOW COLUMNS FROM `jyxt_admin` [ RunTime:0.001526s ]
[ sql ] [ SQL ] SELECT `id`,`nickname`,`auth`,`status` FROM `jyxt_admin` WHERE  `username` = 'admin2'  AND `password` = 'e10adc3949ba59abbe56e057f20f883e' LIMIT 1 [ RunTime:0.000579s ]
[ sql ] [ DB ] CONNECT:[ UseTime:0.000840s ] mysql:host=127.0.0.1;dbname=jyxt;charset=utf8
[ sql ] [ SQL ] UPDATE `jyxt_admin`  SET `token` = 'e1d17c6336b7e4d997fd4b0aa31d371a426d97c9'  WHERE  `id` = 2 [ RunTime:0.004672s ]
---------------------------------------------------------------
[2021-03-19T17:04:16+08:00] 127.0.0.1 GET localhost:7025/agent/home?token=e1d17c6336b7e4d997fd4b0aa31d371a426d97c9&path=%2Fdashboard
[运行时间：0.013964s] [吞吐率：71.61req/s] [内存消耗：912.94kb] [文件加载：69]
[ info ] [ LANG ] /Source/70384jyxt/thinkphp/lang/zh-cn.php
[ info ] [ ROUTE ] array (
  'rule' => 'agent/home',
  'route' => 'admin/agent/home',
  'option' => 
  array (
    'merge_rule_regex' => false,
    'method' => 'get',
  ),
  'var' => 
  array (
  ),
)
[ info ] [ HEADER ] array (
  'accept-language' => 'zh-CN,zh;q=0.9,en;q=0.8',
  'accept-encoding' => 'gzip, deflate, br',
  'referer' => 'http://123.57.6.75/',
  'sec-fetch-dest' => 'empty',
  'sec-fetch-mode' => 'cors',
  'sec-fetch-site' => 'cross-site',
  'origin' => 'http://123.57.6.75',
  'user-agent' => 'Mozilla/5.0 (iPhone; CPU iPhone OS 13_2_3 like Mac OS X) AppleWebKit/605.1.15 (KHTML, like Gecko) Version/13.0.3 Mobile/15E148 Safari/604.1',
  'accept' => 'application/json, text/plain, */*',
  'connection' => 'keep-alive',
  'host' => 'localhost:7025',
  'content-type' => '',
  'content-length' => '',
)
[ info ] [ PARAM ] array (
  'token' => 'e1d17c6336b7e4d997fd4b0aa31d371a426d97c9',
  'path' => '/dashboard',
)
[ info ] [ DB ] INIT mysql
[ info ] [ DB ] INIT mysql
[ info ] [ DB ] INIT mysql
[ sql ] [ DB ] CONNECT:[ UseTime:0.000835s ] mysql:host=127.0.0.1;dbname=jyxt;charset=utf8
[ sql ] [ SQL ] SHOW COLUMNS FROM `jyxt_admin` [ RunTime:0.003897s ]
[ sql ] [ SQL ] SELECT `id` FROM `jyxt_admin` WHERE  `token` = 'e1d17c6336b7e4d997fd4b0aa31d371a426d97c9'  AND `status` = 1 LIMIT 1 [ RunTime:0.000715s ]
[ sql ] [ DB ] CONNECT:[ UseTime:0.000970s ] mysql:host=127.0.0.1;dbname=jyxt;charset=utf8
[ sql ] [ SQL ] SELECT `auth`,`id` FROM `jyxt_admin` WHERE  `token` = 'e1d17c6336b7e4d997fd4b0aa31d371a426d97c9' LIMIT 1 [ RunTime:0.000699s ]
[ sql ] [ DB ] CONNECT:[ UseTime:0.000880s ] mysql:host=127.0.0.1;dbname=jyxt;charset=utf8
[ sql ] [ SQL ] SELECT `auth`,`id` FROM `jyxt_admin` WHERE  `token` = 'e1d17c6336b7e4d997fd4b0aa31d371a426d97c9' LIMIT 1 [ RunTime:0.000530s ]
---------------------------------------------------------------
[2021-03-19T17:04:16+08:00] 127.0.0.1 GET localhost:7025/User/getCurrency?token=e1d17c6336b7e4d997fd4b0aa31d371a426d97c9&path=%2Fdashboard&type=2
[运行时间：0.033760s] [吞吐率：29.62req/s] [内存消耗：922.76kb] [文件加载：68]
[ info ] [ LANG ] /Source/70384jyxt/thinkphp/lang/zh-cn.php
[ info ] [ ROUTE ] array (
  'rule' => 'User/getCurrency',
  'route' => 'admin/user/getCurrency',
  'option' => 
  array (
    'merge_rule_regex' => false,
    'method' => 'get',
  ),
  'var' => 
  array (
  ),
)
[ info ] [ HEADER ] array (
  'accept-language' => 'zh-CN,zh;q=0.9,en;q=0.8',
  'accept-encoding' => 'gzip, deflate, br',
  'referer' => 'http://123.57.6.75/',
  'sec-fetch-dest' => 'empty',
  'sec-fetch-mode' => 'cors',
  'sec-fetch-site' => 'cross-site',
  'origin' => 'http://123.57.6.75',
  'user-agent' => 'Mozilla/5.0 (iPhone; CPU iPhone OS 13_2_3 like Mac OS X) AppleWebKit/605.1.15 (KHTML, like Gecko) Version/13.0.3 Mobile/15E148 Safari/604.1',
  'accept' => 'application/json, text/plain, */*',
  'connection' => 'keep-alive',
  'host' => 'localhost:7025',
  'content-type' => '',
  'content-length' => '',
)
[ info ] [ PARAM ] array (
  'token' => 'e1d17c6336b7e4d997fd4b0aa31d371a426d97c9',
  'path' => '/dashboard',
  'type' => '2',
)
[ info ] [ DB ] INIT mysql
[ info ] [ DB ] INIT mysql
[ info ] [ DB ] INIT mysql
[ sql ] [ DB ] CONNECT:[ UseTime:0.001382s ] mysql:host=127.0.0.1;dbname=jyxt;charset=utf8
[ sql ] [ SQL ] SHOW COLUMNS FROM `jyxt_admin` [ RunTime:0.003599s ]
[ sql ] [ SQL ] SELECT `id` FROM `jyxt_admin` WHERE  `token` = 'e1d17c6336b7e4d997fd4b0aa31d371a426d97c9'  AND `status` = 1 LIMIT 1 [ RunTime:0.000756s ]
[ sql ] [ DB ] CONNECT:[ UseTime:0.001053s ] mysql:host=127.0.0.1;dbname=jyxt;charset=utf8
[ sql ] [ SQL ] SELECT `auth`,`id` FROM `jyxt_admin` WHERE  `token` = 'e1d17c6336b7e4d997fd4b0aa31d371a426d97c9' LIMIT 1 [ RunTime:0.000688s ]
[ sql ] [ DB ] CONNECT:[ UseTime:0.000945s ] mysql:host=127.0.0.1;dbname=jyxt;charset=utf8
[ sql ] [ SQL ] SHOW COLUMNS FROM `jyxt_currency` [ RunTime:0.016495s ]
[ sql ] [ SQL ] SELECT * FROM `jyxt_currency` WHERE  `type` = '2' [ RunTime:0.002065s ]
---------------------------------------------------------------
[2021-03-19T17:04:35+08:00] 127.0.0.1 GET localhost:7025/system/getFh?token=e1d17c6336b7e4d997fd4b0aa31d371a426d97c9&path=%2Ffh
[运行时间：0.036027s] [吞吐率：27.76req/s] [内存消耗：978.18kb] [文件加载：69]
[ info ] [ LANG ] /Source/70384jyxt/thinkphp/lang/zh-cn.php
[ info ] [ ROUTE ] array (
  'rule' => 'system/getFh',
  'route' => 'admin/params/getFh',
  'option' => 
  array (
    'merge_rule_regex' => false,
    'method' => 'get',
  ),
  'var' => 
  array (
  ),
)
[ info ] [ HEADER ] array (
  'accept-language' => 'zh-CN,zh;q=0.9,en;q=0.8',
  'accept-encoding' => 'gzip, deflate, br',
  'referer' => 'http://123.57.6.75/',
  'sec-fetch-dest' => 'empty',
  'sec-fetch-mode' => 'cors',
  'sec-fetch-site' => 'cross-site',
  'origin' => 'http://123.57.6.75',
  'user-agent' => 'Mozilla/5.0 (iPhone; CPU iPhone OS 13_2_3 like Mac OS X) AppleWebKit/605.1.15 (KHTML, like Gecko) Version/13.0.3 Mobile/15E148 Safari/604.1',
  'accept' => 'application/json, text/plain, */*',
  'connection' => 'keep-alive',
  'host' => 'localhost:7025',
  'content-type' => '',
  'content-length' => '',
)
[ info ] [ PARAM ] array (
  'token' => 'e1d17c6336b7e4d997fd4b0aa31d371a426d97c9',
  'path' => '/fh',
)
[ info ] [ DB ] INIT mysql
[ info ] [ DB ] INIT mysql
[ info ] [ DB ] INIT mysql
[ sql ] [ DB ] CONNECT:[ UseTime:0.000861s ] mysql:host=127.0.0.1;dbname=jyxt;charset=utf8
[ sql ] [ SQL ] SHOW COLUMNS FROM `jyxt_admin` [ RunTime:0.001655s ]
[ sql ] [ SQL ] SELECT `id` FROM `jyxt_admin` WHERE  `token` = 'e1d17c6336b7e4d997fd4b0aa31d371a426d97c9'  AND `status` = 1 LIMIT 1 [ RunTime:0.000473s ]
[ sql ] [ DB ] CONNECT:[ UseTime:0.001024s ] mysql:host=127.0.0.1;dbname=jyxt;charset=utf8
[ sql ] [ SQL ] SELECT `auth`,`id` FROM `jyxt_admin` WHERE  `token` = 'e1d17c6336b7e4d997fd4b0aa31d371a426d97c9' LIMIT 1 [ RunTime:0.000681s ]
[ sql ] [ DB ] CONNECT:[ UseTime:0.001074s ] mysql:host=127.0.0.1;dbname=jyxt;charset=utf8
[ sql ] [ SQL ] SHOW COLUMNS FROM `jyxt_params` [ RunTime:0.006478s ]
[ sql ] [ SQL ] SELECT `agent_rate` FROM `jyxt_params` WHERE  ( id=1 ) LIMIT 1 [ RunTime:0.003888s ]
---------------------------------------------------------------
[2021-03-19T17:04:39+08:00] 127.0.0.1 GET localhost:7025/agent/getDealLines?token=e1d17c6336b7e4d997fd4b0aa31d371a426d97c9&path=%2FdealDetail&page=1&limit=10&phone=
[运行时间：0.032556s] [吞吐率：30.72req/s] [内存消耗：1,064.24kb] [文件加载：68]
[ info ] [ LANG ] /Source/70384jyxt/thinkphp/lang/zh-cn.php
[ info ] [ ROUTE ] array (
  'rule' => 'agent/getDealLines',
  'route' => 'admin/agent/getDealLines',
  'option' => 
  array (
    'merge_rule_regex' => false,
    'method' => 'get',
  ),
  'var' => 
  array (
  ),
)
[ info ] [ HEADER ] array (
  'accept-language' => 'zh-CN,zh;q=0.9,en;q=0.8',
  'accept-encoding' => 'gzip, deflate, br',
  'referer' => 'http://123.57.6.75/',
  'sec-fetch-dest' => 'empty',
  'sec-fetch-mode' => 'cors',
  'sec-fetch-site' => 'cross-site',
  'origin' => 'http://123.57.6.75',
  'user-agent' => 'Mozilla/5.0 (iPhone; CPU iPhone OS 13_2_3 like Mac OS X) AppleWebKit/605.1.15 (KHTML, like Gecko) Version/13.0.3 Mobile/15E148 Safari/604.1',
  'accept' => 'application/json, text/plain, */*',
  'connection' => 'keep-alive',
  'host' => 'localhost:7025',
  'content-type' => '',
  'content-length' => '',
)
[ info ] [ PARAM ] array (
  'token' => 'e1d17c6336b7e4d997fd4b0aa31d371a426d97c9',
  'path' => '/dealDetail',
  'page' => '1',
  'limit' => '10',
  'phone' => '',
)
[ info ] [ DB ] INIT mysql
[ info ] [ DB ] INIT mysql
[ info ] [ DB ] INIT mysql
[ info ] [ DB ] INIT mysql
[ info ] [ DB ] INIT mysql
[ sql ] [ DB ] CONNECT:[ UseTime:0.001012s ] mysql:host=127.0.0.1;dbname=jyxt;charset=utf8
[ sql ] [ SQL ] SHOW COLUMNS FROM `jyxt_admin` [ RunTime:0.003113s ]
[ sql ] [ SQL ] SELECT `id` FROM `jyxt_admin` WHERE  `token` = 'e1d17c6336b7e4d997fd4b0aa31d371a426d97c9'  AND `status` = 1 LIMIT 1 [ RunTime:0.001474s ]
[ sql ] [ DB ] CONNECT:[ UseTime:0.001041s ] mysql:host=127.0.0.1;dbname=jyxt;charset=utf8
[ sql ] [ SQL ] SELECT `auth`,`id` FROM `jyxt_admin` WHERE  `token` = 'e1d17c6336b7e4d997fd4b0aa31d371a426d97c9' LIMIT 1 [ RunTime:0.000594s ]
[ sql ] [ DB ] CONNECT:[ UseTime:0.001052s ] mysql:host=127.0.0.1;dbname=jyxt;charset=utf8
[ sql ] [ SQL ] SELECT `auth`,`id` FROM `jyxt_admin` WHERE  `token` = 'e1d17c6336b7e4d997fd4b0aa31d371a426d97c9' LIMIT 1 [ RunTime:0.001124s ]
[ sql ] [ DB ] CONNECT:[ UseTime:0.000750s ] mysql:host=127.0.0.1;dbname=jyxt;charset=utf8
[ sql ] [ SQL ] select a.* , b.phone, b.username,b.nickname
				from jyxt_agent_take a
				LEFT JOIN jyxt_admin b on b.id = a.agent_id
				where a.is_delete=0
				and b.auth = 'agent'
				and a.`status`  = 2 [ RunTime:0.009600s ]
[ sql ] [ DB ] CONNECT:[ UseTime:0.000741s ] mysql:host=127.0.0.1;dbname=jyxt;charset=utf8
[ sql ] [ SQL ] select a.* , b.phone, b.username,b.nickname
				from jyxt_agent_take a
				LEFT JOIN jyxt_admin b on b.id = a.agent_id
				where a.is_delete=0
				and b.auth = 'agent'
				and a.`status`  = 2 order by a.id desc limit '0', '10' [ RunTime:0.001417s ]
---------------------------------------------------------------
[2021-03-19T17:04:49+08:00] 127.0.0.1 GET localhost:7025/agent/getAssetReport?token=e1d17c6336b7e4d997fd4b0aa31d371a426d97c9&path=%2FagentReport&page=1&limit=10&phone=&start_time=&end_time=
[运行时间：0.076634s] [吞吐率：13.05req/s] [内存消耗：1,601.19kb] [文件加载：68]
[ info ] [ LANG ] /Source/70384jyxt/thinkphp/lang/zh-cn.php
[ info ] [ ROUTE ] array (
  'rule' => 'agent/getAssetReport',
  'route' => 'admin/agent/getAssetReport',
  'option' => 
  array (
    'merge_rule_regex' => false,
    'method' => 'get',
  ),
  'var' => 
  array (
  ),
)
[ info ] [ HEADER ] array (
  'accept-language' => 'zh-CN,zh;q=0.9,en;q=0.8',
  'accept-encoding' => 'gzip, deflate, br',
  'referer' => 'http://123.57.6.75/',
  'sec-fetch-dest' => 'empty',
  'sec-fetch-mode' => 'cors',
  'sec-fetch-site' => 'cross-site',
  'origin' => 'http://123.57.6.75',
  'user-agent' => 'Mozilla/5.0 (iPhone; CPU iPhone OS 13_2_3 like Mac OS X) AppleWebKit/605.1.15 (KHTML, like Gecko) Version/13.0.3 Mobile/15E148 Safari/604.1',
  'accept' => 'application/json, text/plain, */*',
  'connection' => 'keep-alive',
  'host' => 'localhost:7025',
  'content-type' => '',
  'content-length' => '',
)
[ info ] [ PARAM ] array (
  'token' => 'e1d17c6336b7e4d997fd4b0aa31d371a426d97c9',
  'path' => '/agentReport',
  'page' => '1',
  'limit' => '10',
  'phone' => '',
  'start_time' => '',
  'end_time' => '',
)
[ info ] [ DB ] INIT mysql
[ info ] [ DB ] INIT mysql
[ info ] [ DB ] INIT mysql
[ info ] [ DB ] INIT mysql
[ info ] [ DB ] INIT mysql
[ info ] [ DB ] INIT mysql
[ info ] [ DB ] INIT mysql
[ info ] [ DB ] INIT mysql
[ info ] [ DB ] INIT mysql
[ info ] [ DB ] INIT mysql
[ info ] [ DB ] INIT mysql
[ info ] [ DB ] INIT mysql
[ info ] [ DB ] INIT mysql
[ sql ] [ DB ] CONNECT:[ UseTime:0.001304s ] mysql:host=127.0.0.1;dbname=jyxt;charset=utf8
[ sql ] [ SQL ] SHOW COLUMNS FROM `jyxt_admin` [ RunTime:0.002662s ]
[ sql ] [ SQL ] SELECT `id` FROM `jyxt_admin` WHERE  `token` = 'e1d17c6336b7e4d997fd4b0aa31d371a426d97c9'  AND `status` = 1 LIMIT 1 [ RunTime:0.000523s ]
[ sql ] [ DB ] CONNECT:[ UseTime:0.000913s ] mysql:host=127.0.0.1;dbname=jyxt;charset=utf8
[ sql ] [ SQL ] SELECT `auth`,`id` FROM `jyxt_admin` WHERE  `token` = 'e1d17c6336b7e4d997fd4b0aa31d371a426d97c9' LIMIT 1 [ RunTime:0.000810s ]
[ sql ] [ DB ] CONNECT:[ UseTime:0.001252s ] mysql:host=127.0.0.1;dbname=jyxt;charset=utf8
[ sql ] [ SQL ] SELECT `auth`,`id` FROM `jyxt_admin` WHERE  `token` = 'e1d17c6336b7e4d997fd4b0aa31d371a426d97c9' LIMIT 1 [ RunTime:0.001640s ]
[ sql ] [ DB ] CONNECT:[ UseTime:0.002307s ] mysql:host=127.0.0.1;dbname=jyxt;charset=utf8
[ sql ] [ SQL ] select * from jyxt_admin where auth ='agent' and `status` = 1 and is_delete = 0 [ RunTime:0.001312s ]
[ sql ] [ DB ] CONNECT:[ UseTime:0.001032s ] mysql:host=127.0.0.1;dbname=jyxt;charset=utf8
[ sql ] [ SQL ] select * from jyxt_admin where auth ='agent' and `status` = 1 and is_delete = 0 order by id desc limit 0, 10 [ RunTime:0.001149s ]
[ sql ] [ DB ] CONNECT:[ UseTime:0.000870s ] mysql:host=127.0.0.1;dbname=jyxt;charset=utf8
[ sql ] [ SQL ] select IFNULL(SUM(fee),0) as fee
                        from  jyxt_user_deal_lines a LEFT JOIN jyxt_user b on  b.id = a.user_id
                        where b.p_id = 16 and a.time between '2019-01-01 00:00:00' and '2099-01-01 00:00:00' [ RunTime:0.010073s ]
[ sql ] [ DB ] CONNECT:[ UseTime:0.001025s ] mysql:host=127.0.0.1;dbname=jyxt;charset=utf8
[ sql ] [ SQL ] SELECT SUM(a.fee) as fee from (select IFNULL(SUM(close_out_fee),0) as fee
                        from  jyxt_user_deal_lines_c_h a 
                        LEFT JOIN jyxt_user b on  b.id = a.user_id
                        where b.p_id = 16
                        and a.time between '2019-01-01 00:00:00' and '2099-01-01 00:00:00'
                        UNION
                        select SUM(a.money) as fee
                        from jyxt_user_wallet_log a 
                        LEFT JOIN jyxt_user_deal_lines_c_h b on b.id = a.gl_id
                        LEFT JOIN jyxt_user c on c.id = b.user_id
                        where a.type = 13 
                        and c.p_id = 16
                        and a.add_time between '2019-01-01 00:00:00' and '2099-01-01 00:00:00') a [ RunTime:0.011930s ]
[ sql ] [ DB ] CONNECT:[ UseTime:0.000821s ] mysql:host=127.0.0.1;dbname=jyxt;charset=utf8
[ sql ] [ SQL ] select IFNULL(SUM(fee),0) as fee
                        from  jyxt_user_deal_lines a LEFT JOIN jyxt_user b on  b.id = a.user_id
                        where b.p_id = 14 and a.time between '2019-01-01 00:00:00' and '2099-01-01 00:00:00' [ RunTime:0.001972s ]
[ sql ] [ DB ] CONNECT:[ UseTime:0.003261s ] mysql:host=127.0.0.1;dbname=jyxt;charset=utf8
[ sql ] [ SQL ] SELECT SUM(a.fee) as fee from (select IFNULL(SUM(close_out_fee),0) as fee
                        from  jyxt_user_deal_lines_c_h a 
                        LEFT JOIN jyxt_user b on  b.id = a.user_id
                        where b.p_id = 14
                        and a.time between '2019-01-01 00:00:00' and '2099-01-01 00:00:00'
                        UNION
                        select SUM(a.money) as fee
                        from jyxt_user_wallet_log a 
                        LEFT JOIN jyxt_user_deal_lines_c_h b on b.id = a.gl_id
                        LEFT JOIN jyxt_user c on c.id = b.user_id
                        where a.type = 13 
                        and c.p_id = 14
                        and a.add_time between '2019-01-01 00:00:00' and '2099-01-01 00:00:00') a [ RunTime:0.005237s ]
[ sql ] [ DB ] CONNECT:[ UseTime:0.000909s ] mysql:host=127.0.0.1;dbname=jyxt;charset=utf8
[ sql ] [ SQL ] select IFNULL(SUM(fee),0) as fee
                        from  jyxt_user_deal_lines a LEFT JOIN jyxt_user b on  b.id = a.user_id
                        where b.p_id = 13 and a.time between '2019-01-01 00:00:00' and '2099-01-01 00:00:00' [ RunTime:0.001567s ]
[ sql ] [ DB ] CONNECT:[ UseTime:0.000907s ] mysql:host=127.0.0.1;dbname=jyxt;charset=utf8
[ sql ] [ SQL ] SELECT SUM(a.fee) as fee from (select IFNULL(SUM(close_out_fee),0) as fee
                        from  jyxt_user_deal_lines_c_h a 
                        LEFT JOIN jyxt_user b on  b.id = a.user_id
                        where b.p_id = 13
                        and a.time between '2019-01-01 00:00:00' and '2099-01-01 00:00:00'
                        UNION
                        select SUM(a.money) as fee
                        from jyxt_user_wallet_log a 
                        LEFT JOIN jyxt_user_deal_lines_c_h b on b.id = a.gl_id
                        LEFT JOIN jyxt_user c on c.id = b.user_id
                        where a.type = 13 
                        and c.p_id = 13
                        and a.add_time between '2019-01-01 00:00:00' and '2099-01-01 00:00:00') a [ RunTime:0.002001s ]
[ sql ] [ DB ] CONNECT:[ UseTime:0.001101s ] mysql:host=127.0.0.1;dbname=jyxt;charset=utf8
[ sql ] [ SQL ] select IFNULL(SUM(fee),0) as fee
                        from  jyxt_user_deal_lines a LEFT JOIN jyxt_user b on  b.id = a.user_id
                        where b.p_id = 4 and a.time between '2019-01-01 00:00:00' and '2099-01-01 00:00:00' [ RunTime:0.004831s ]
[ sql ] [ DB ] CONNECT:[ UseTime:0.001019s ] mysql:host=127.0.0.1;dbname=jyxt;charset=utf8
[ sql ] [ SQL ] SELECT SUM(a.fee) as fee from (select IFNULL(SUM(close_out_fee),0) as fee
                        from  jyxt_user_deal_lines_c_h a 
                        LEFT JOIN jyxt_user b on  b.id = a.user_id
                        where b.p_id = 4
                        and a.time between '2019-01-01 00:00:00' and '2099-01-01 00:00:00'
                        UNION
                        select SUM(a.money) as fee
                        from jyxt_user_wallet_log a 
                        LEFT JOIN jyxt_user_deal_lines_c_h b on b.id = a.gl_id
                        LEFT JOIN jyxt_user c on c.id = b.user_id
                        where a.type = 13 
                        and c.p_id = 4
                        and a.add_time between '2019-01-01 00:00:00' and '2099-01-01 00:00:00') a [ RunTime:0.005573s ]
